生成启动时间为 2017/5/7 20:00:10。
     1>项目“E:\visual studio 2010\Projects\data structure practice\sequential list\sequential list\sequential list.vcxproj”在节点 2 上(build 个目标)。
     1>InitializeBuildStatus:
         正在创建“Debug\sequential list.unsuccessfulbuild”，因为已指定“AlwaysCreate”。
       ClCompile:
         d:\Microsoft Visual Studio 10.0\VC\bin\CL.exe /c /ZI /nologo /W3 /WX- /Od /Oy- /D WIN32 /D _DEBUG /D _CONSOLE /D _UNICODE /D UNICODE /Gm /EHsc /RTC1 /MDd /GS /fp:precise /Zc:wchar_t /Zc:forScope /Fo"Debug\\" /Fd"Debug\vc100.pdb" /Gd /TP /analyze- /errorReport:prompt "sequential list.cpp"
         sequential list.cpp
     1>e:\visual studio 2010\projects\data structure practice\sequential list\sequential list\sequential list.cpp(80): warning C4101: “e”: 未引用的局部变量
       ManifestResourceCompile:
         所有输出均为最新。
       Link:
         d:\Microsoft Visual Studio 10.0\VC\bin\link.exe /ERRORREPORT:PROMPT /OUT:"E:\visual studio 2010\Projects\data structure practice\sequential list\Debug\sequential list.exe" /INCREMENTAL /NOLOGO kernel32.lib user32.lib gdi32.lib winspool.lib comdlg32.lib advapi32.lib shell32.lib ole32.lib oleaut32.lib uuid.lib odbc32.lib odbccp32.lib /MANIFEST /ManifestFile:"Debug\sequential list.exe.intermediate.manifest" /MANIFESTUAC:"level='asInvoker' uiAccess='false'" /DEBUG /PDB:"E:\visual studio 2010\Projects\data structure practice\sequential list\Debug\sequential list.pdb" /SUBSYSTEM:CONSOLE /TLBID:1 /DYNAMICBASE /NXCOMPAT /IMPLIB:"E:\visual studio 2010\Projects\data structure practice\sequential list\Debug\sequential list.lib" /MACHINE:X86 "Debug\sequential list.exe.embed.manifest.res"
         "Debug\sequential list.obj"
         Debug\stdafx.obj
       Manifest:
         C:\Program Files (x86)\Microsoft SDKs\Windows\v7.0A\bin\mt.exe /nologo /verbose /out:"Debug\sequential list.exe.embed.manifest" /manifest "Debug\sequential list.exe.intermediate.manifest"
         所有输出均为最新。
       LinkEmbedManifest:
         所有输出均为最新。
         sequential list.vcxproj -> E:\visual studio 2010\Projects\data structure practice\sequential list\Debug\sequential list.exe
       FinalizeBuildStatus:
         正在删除文件“Debug\sequential list.unsuccessfulbuild”。
         正在对“Debug\sequential list.lastbuildstate”执行 Touch 任务。
     1>已完成生成项目“E:\visual studio 2010\Projects\data structure practice\sequential list\sequential list\sequential list.vcxproj”(build 个目标)的操作。

生成成功。

已用时间 00:00:00.84
